# JRE version: Java(TM) SE Runtime Environment (8.0_31-b13) (build 1.8.0_31-b13)
# Java VM: Java HotSpot(TM) 64-Bit Server VM (25.31-b07 mixed mode windows-amd64 compressed oops)
Heap:
 PSYoungGen      total 22528K, used 9576K [0x00000000fe580000, 0x00000000ffd80000, 0x0000000100000000)
  eden space 20480K, 45% used [0x00000000fe580000,0x00000000fee90900,0x00000000ff980000)
  from space 2048K, 14% used [0x00000000ffb80000,0x00000000ffbc97f0,0x00000000ffd80000)
  to   space 2048K, 0% used [0x00000000ff980000,0x00000000ff980000,0x00000000ffb80000)
 ParOldGen       total 54784K, used 1362K [0x00000000fb000000, 0x00000000fe580000, 0x00000000fe580000)
  object space 54784K, 2% used [0x00000000fb000000,0x00000000fb154ac8,0x00000000fe580000)
 Metaspace       used 5657K, capacity 6700K, committed 6912K, reserved 1056768K
  class space    used 654K, capacity 680K, committed 768K, reserved 1048576K
GC Heap History (10 events):
Event: 2267.464 GC heap before
{Heap before GC invocations=4 (full 0):
 PSYoungGen      total 24064K, used 22272K [0x00000000fe580000, 0x0000000100000000, 0x0000000100000000)
  eden space 20992K, 100% used [0x00000000fe580000,0x00000000ffa00000,0x00000000ffa00000)
  from space 3072K, 41% used [0x00000000ffa00000,0x00000000ffb400a0,0x00000000ffd00000)
  to   space 3072K, 0% used [0x00000000ffd00000,0x00000000ffd00000,0x0000000100000000)
 ParOldGen       total 54784K, used 24K [0x00000000fb000000, 0x00000000fe580000, 0x00000000fe580000)
  object space 54784K, 0% used [0x00000000fb000000,0x00000000fb006000,0x00000000fe580000)
 Metaspace       used 5620K, capacity 6700K, committed 6912K, reserved 1056768K
  class space    used 653K, capacity 680K, committed 768K, reserved 1048576K
Event: 2267.465 GC heap after
Heap after GC invocations=4 (full 0):
 PSYoungGen      total 24064K, used 1440K [0x00000000fe580000, 0x0000000100000000, 0x0000000100000000)
  eden space 20992K, 0% used [0x00000000fe580000,0x00000000fe580000,0x00000000ffa00000)
  from space 3072K, 46% used [0x00000000ffd00000,0x00000000ffe68120,0x0000000100000000)
  to   space 3072K, 0% used [0x00000000ffa00000,0x00000000ffa00000,0x00000000ffd00000)
 ParOldGen       total 54784K, used 32K [0x00000000fb000000, 0x00000000fe580000, 0x00000000fe580000)
  object space 54784K, 0% used [0x00000000fb000000,0x00000000fb008000,0x00000000fe580000)
 Metaspace       used 5620K, capacity 6700K, committed 6912K, reserved 1056768K
  class space    used 653K, capacity 680K, committed 768K, reserved 1048576K
}
Event: 2917.557 GC heap before
{Heap before GC invocations=5 (full 0):
 PSYoungGen      total 24064K, used 22432K [0x00000000fe580000, 0x0000000100000000, 0x0000000100000000)
  eden space 20992K, 100% used [0x00000000fe580000,0x00000000ffa00000,0x00000000ffa00000)
  from space 3072K, 46% used [0x00000000ffd00000,0x00000000ffe68120,0x0000000100000000)
  to   space 3072K, 0% used [0x00000000ffa00000,0x00000000ffa00000,0x00000000ffd00000)
 ParOldGen       total 54784K, used 32K [0x00000000fb000000, 0x00000000fe580000, 0x00000000fe580000)
  object space 54784K, 0% used [0x00000000fb000000,0x00000000fb008000,0x00000000fe580000)
 Metaspace       used 5628K, capacity 6700K, committed 6912K, reserved 1056768K
  class space    used 653K, capacity 680K, committed 768K, reserved 1048576K
Event: 2917.560 GC heap after
Heap after GC invocations=5 (full 0):
 PSYoungGen      total 22016K, used 1440K [0x00000000fe580000, 0x00000000ffd80000, 0x0000000100000000)
  eden space 20480K, 0% used [0x00000000fe580000,0x00000000fe580000,0x00000000ff980000)
  from space 1536K, 93% used [0x00000000ffa00000,0x00000000ffb68160,0x00000000ffb80000)
  to   space 1536K, 0% used [0x00000000ffc00000,0x00000000ffc00000,0x00000000ffd80000)
 ParOldGen       total 54784K, used 40K [0x00000000fb000000, 0x00000000fe580000, 0x00000000fe580000)
  object space 54784K, 0% used [0x00000000fb000000,0x00000000fb00a000,0x00000000fe580000)
 Metaspace       used 5628K, capacity 6700K, committed 6912K, reserved 1056768K
  class space    used 653K, capacity 680K, committed 768K, reserved 1048576K
}
Event: 3921.607 GC heap before
{Heap before GC invocations=6 (full 0):
 PSYoungGen      total 22016K, used 21920K [0x00000000fe580000, 0x00000000ffd80000, 0x0000000100000000)
  eden space 20480K, 100% used [0x00000000fe580000,0x00000000ff980000,0x00000000ff980000)
  from space 1536K, 93% used [0x00000000ffa00000,0x00000000ffb68160,0x00000000ffb80000)
  to   space 1536K, 0% used [0x00000000ffc00000,0x00000000ffc00000,0x00000000ffd80000)
 ParOldGen       total 54784K, used 40K [0x00000000fb000000, 0x00000000fe580000, 0x00000000fe580000)
  object space 54784K, 0% used [0x00000000fb000000,0x00000000fb00a000,0x00000000fe580000)
 Metaspace       used 5642K, capacity 6700K, committed 6912K, reserved 1056768K
  class space    used 654K, capacity 680K, committed 768K, reserved 1048576K
Event: 3921.610 GC heap after
Heap after GC invocations=6 (full 0):
 PSYoungGen      total 22016K, used 1440K [0x00000000fe580000, 0x00000000ffd80000, 0x0000000100000000)
  eden space 20480K, 0% used [0x00000000fe580000,0x00000000fe580000,0x00000000ff980000)
  from space 1536K, 93% used [0x00000000ffc00000,0x00000000ffd68140,0x00000000ffd80000)
  to   space 1536K, 0% used [0x00000000ffa00000,0x00000000ffa00000,0x00000000ffb80000)
 ParOldGen       total 54784K, used 48K [0x00000000fb000000, 0x00000000fe580000, 0x00000000fe580000)
  object space 54784K, 0% used [0x00000000fb000000,0x00000000fb00c000,0x00000000fe580000)
 Metaspace       used 5642K, capacity 6700K, committed 6912K, reserved 1056768K
  class space    used 654K, capacity 680K, committed 768K, reserved 1048576K
}
Event: 4895.107 GC heap before
{Heap before GC invocations=7 (full 0):
 PSYoungGen      total 22016K, used 21920K [0x00000000fe580000, 0x00000000ffd80000, 0x0000000100000000)
  eden space 20480K, 100% used [0x00000000fe580000,0x00000000ff980000,0x00000000ff980000)
  from space 1536K, 93% used [0x00000000ffc00000,0x00000000ffd68140,0x00000000ffd80000)
  to   space 1536K, 0% used [0x00000000ffa00000,0x00000000ffa00000,0x00000000ffb80000)
 ParOldGen       total 54784K, used 48K [0x00000000fb000000, 0x00000000fe580000, 0x00000000fe580000)
  object space 54784K, 0% used [0x00000000fb000000,0x00000000fb00c000,0x00000000fe580000)
 Metaspace       used 5649K, capacity 6700K, committed 6912K, reserved 1056768K
  class space    used 654K, capacity 680K, committed 768K, reserved 1048576K
Event: 4895.111 GC heap after
Heap after GC invocations=7 (full 0):
 PSYoungGen      total 22016K, used 352K [0x00000000fe580000, 0x00000000ffd80000, 0x0000000100000000)
  eden space 20480K, 0% used [0x00000000fe580000,0x00000000fe580000,0x00000000ff980000)
  from space 1536K, 22% used [0x00000000ffa00000,0x00000000ffa580e0,0x00000000ffb80000)
  to   space 2048K, 0% used [0x00000000ffb80000,0x00000000ffb80000,0x00000000ffd80000)
 ParOldGen       total 54784K, used 1138K [0x00000000fb000000, 0x00000000fe580000, 0x00000000fe580000)
  object space 54784K, 2% used [0x00000000fb000000,0x00000000fb11ca08,0x00000000fe580000)
 Metaspace       used 5649K, capacity 6700K, committed 6912K, reserved 1056768K
  class space    used 654K, capacity 680K, committed 768K, reserved 1048576K
}
Event: 264834.117 GC heap before
{Heap before GC invocations=8 (full 0):
 PSYoungGen      total 22016K, used 20832K [0x00000000fe580000, 0x00000000ffd80000, 0x0000000100000000)
  eden space 20480K, 100% used [0x00000000fe580000,0x00000000ff980000,0x00000000ff980000)
  from space 1536K, 22% used [0x00000000ffa00000,0x00000000ffa580e0,0x00000000ffb80000)
  to   space 2048K, 0% used [0x00000000ffb80000,0x00000000ffb80000,0x00000000ffd80000)
 ParOldGen       total 54784K, used 1138K [0x00000000fb000000, 0x00000000fe580000, 0x00000000fe580000)
  object space 54784K, 2% used [0x00000000fb000000,0x00000000fb11ca08,0x00000000fe580000)
 Metaspace       used 5649K, capacity 6700K, committed 6912K, reserved 1056768K
  class space    used 654K, capacity 680K, committed 768K, reserved 1048576K
Event: 264834.118 GC heap after
Heap after GC invocations=8 (full 0):
 PSYoungGen      total 22528K, used 293K [0x00000000fe580000, 0x00000000ffd80000, 0x0000000100000000)
  eden space 20480K, 0% used [0x00000000fe580000,0x00000000fe580000,0x00000000ff980000)
  from space 2048K, 14% used [0x00000000ffb80000,0x00000000ffbc97f0,0x00000000ffd80000)
  to   space 2048K, 0% used [0x00000000ff980000,0x00000000ff980000,0x00000000ffb80000)
 ParOldGen       total 54784K, used 1362K [0x00000000fb000000, 0x00000000fe580000, 0x00000000fe580000)
  object space 54784K, 2% used [0x00000000fb000000,0x00000000fb154ac8,0x00000000fe580000)
 Metaspace       used 5649K, capacity 6700K, committed 6912K, reserved 1056768K
  class space    used 654K, capacity 680K, committed 768K, reserved 1048576K
}

